[2017-05-07 21:50:13] [info] Start Program:
Path:"C:\Users\ionut98\Desktop\Farmacie5.0\Debug\Farmacie5.2.exe"
Arguments:
Working directory: "C:\Users\ionut98\Desktop\Farmacie5.0\Farmacie5.0\"
Modules: Selected: C:\Users\ionut98\Desktop\Farmacie5.0\Debug\Farmacie5.2.exe Excluded: 
Sources: Selected: C:\Users\ionut98\Desktop\Farmacie5.0\Farmacie5.0 Excluded: UI.cpp 
Log Level: Normal
Cover Children: 0
Aggregate by file: 1
Continue after C++ exception: 0
Export: Binary C:\Users\ionut98\AppData\Local\Temp\yoyrm02d.qe5 
Input coverage: 
Unified diff: 
[2017-05-07 21:50:13] [info] Module: C:\Users\ionut98\Desktop\Farmacie5.0\Debug\Farmacie5.2.exe is selected because it matches selected pattern: C:\Users\ionut98\Desktop\Farmacie5.0\Debug\Farmacie5.2.exe
[2017-05-07 21:50:14] [info] Module: C:\Windows\SysWOW64\ntdll.dll is skipped because it matches no selected patterns
[2017-05-07 21:50:14] [info] Module: C:\Windows\SysWOW64\kernel32.dll is skipped because it matches no selected patterns
[2017-05-07 21:50:14] [info] Module: C:\Windows\SysWOW64\kernel32.dll is skipped because it matches no selected patterns
[2017-05-07 21:50:14] [info] Module: C:\Windows\SysWOW64\KernelBase.dll is skipped because it matches no selected patterns
[2017-05-07 21:50:14] [info] Module: C:\Windows\SysWOW64\msvcp140d.dll is skipped because it matches no selected patterns
[2017-05-07 21:50:14] [info] Module: C:\Windows\SysWOW64\vcruntime140d.dll is skipped because it matches no selected patterns
[2017-05-07 21:50:14] [info] Module: C:\Windows\SysWOW64\advapi32.dll is skipped because it matches no selected patterns
[2017-05-07 21:50:14] [info] Module: C:\Windows\SysWOW64\msvcrt.dll is skipped because it matches no selected patterns
[2017-05-07 21:50:14] [info] Module: C:\Windows\SysWOW64\sechost.dll is skipped because it matches no selected patterns
[2017-05-07 21:50:14] [info] Module: C:\Windows\SysWOW64\rpcrt4.dll is skipped because it matches no selected patterns
[2017-05-07 21:50:14] [info] Module: C:\Windows\SysWOW64\sspicli.dll is skipped because it matches no selected patterns
[2017-05-07 21:50:14] [info] Module: C:\Windows\SysWOW64\cryptbase.dll is skipped because it matches no selected patterns
[2017-05-07 21:50:14] [info] Module: C:\Windows\SysWOW64\bcryptprimitives.dll is skipped because it matches no selected patterns
[2017-05-07 21:50:14] [info] Module: C:\Windows\SysWOW64\ucrtbased.dll is skipped because it matches no selected patterns
[2017-05-07 21:50:14] [info] Module: C:\Windows\SysWOW64\kernel.appcore.dll is skipped because it matches no selected patterns
[2017-05-07 21:50:14] [info] ----------------------------------------------------
[2017-05-07 21:50:14] [info] Coverage binary generated in file: C:\Users\ionut98\AppData\Local\Temp\yoyrm02d.qe5
[2017-05-07 21:50:14] [info] ----------------------------------------------------
